<?xml version="1.0" encoding="UTF-8"?>
<!-- Generated by org.testng.reporters.JUnitReportReporter -->
<testsuite hostname="LAPTOP-TIG88SVE" failures="0" tests="2" name="Miro_TestCases.MiroStrickerTest" time="42.024" errors="0" timestamp="2023-04-03T23:47:55 AST" skipped="0">
  <testcase classname="Miro_TestCases.MiroStrickerTest" name="createBoardTest" time="27.766"/>
  <system-out/>
  <testcase classname="Miro_TestCases.MiroStrickerTest" name="secondUserVerifyBoardTest" time="14.258"/>
  <system-out/>
</testsuite> <!-- Miro_TestCases.MiroStrickerTest -->
